-------------------------------------------------------------------------------
Test set: mflix.api.daos.ProjectionTest
-------------------------------------------------------------------------------
Tests run: 2, Failures: 1, Errors: 0, Skipped: 0, Time elapsed: 3.717 s <<< FAILURE! - in mflix.api.daos.ProjectionTest
testProjectionShape(mflix.api.daos.ProjectionTest)  Time elapsed: 0.572 s  <<< FAILURE!
java.lang.AssertionError: Document should have only two fields. Check your projection expected:<2> but was:<1>
	at mflix.api.daos.ProjectionTest.testProjectionShape(ProjectionTest.java:55)

