<?xml version="1.0" encoding="UTF-8"?>
<testsuite xmlns:xsi="http://www.w3.org/2001/XMLSchema-instance" xsi:noNamespaceSchemaLocation="https://maven.apache.org/surefire/maven-surefire-plugin/xsd/surefire-test-report.xsd" name="mflix.api.daos.ProjectionTest" time="3.717" tests="2" errors="0" skipped="0" failures="1">
  <properties>
[...]
</properties>
  <testcase name="testProjectionShape" classname="mflix.api.daos.ProjectionTest" time="0.572">
    <failure message="Document should have only two fields. Check your projection expected:&lt;2&gt; but was:&lt;1&gt;" type="java.lang.AssertionError"><![CDATA[java.lang.AssertionError: Document should have only two fields. Check your projection expected:<2> but was:<1>
	at mflix.api.daos.ProjectionTest.testProjectionShape(ProjectionTest.java:55)
]]></failure>
    <system-out><![CDATA[00:33:19.762 [main] DEBUG org.springframework.test.context.junit4.SpringJUnit4ClassRunner - SpringJUnit4ClassRunner constructor called with [class mflix.api.daos.ProjectionTest]
00:33:19.767 [main] DEBUG org.springframework.test.context.BootstrapUtils - Instantiating CacheAwareContextLoaderDelegate from class [org.springframework.test.context.cache.DefaultCacheAwareContextLoaderDelegate]
00:33:19.773 [main] DEBUG org.springframework.test.context.BootstrapUtils - Instantiating BootstrapContext using constructor [public org.springframework.test.context.support.DefaultBootstrapContext(java.lang.Class,org.springframework.test.context.CacheAwareContextLoaderDelegate)]
00:33:19.789 [main] DEBUG org.springframework.test.context.BootstrapUtils - Instantiating TestContextBootstrapper for test class [mflix.api.daos.ProjectionTest] from class [org.springframework.boot.test.context.SpringBootTestContextBootstrapper]
00:33:19.799 [main] INFO org.springframework.boot.test.context.SpringBootTestContextBootstrapper - Neither @ContextConfiguration nor @ContextHierarchy found for test class [mflix.api.daos.ProjectionTest], using SpringBootContextLoader
00:33:19.803 [main] DEBUG org.springframework.test.context.support.AbstractContextLoader - Did not detect default resource location for test class [mflix.api.daos.ProjectionTest]: class path resource [mflix/api/daos/ProjectionTest-context.xml] does not exist
00:33:19.803 [main] DEBUG org.springframework.test.context.support.AbstractContextLoader - Did not detect default resource location for test class [mflix.api.daos.ProjectionTest]: class path resource [mflix/api/daos/ProjectionTestContext.groovy] does not exist
00:33:19.803 [main] INFO org.springframework.test.context.support.AbstractContextLoader - Could not detect default resource locations for test class [mflix.api.daos.ProjectionTest]: no resource found for suffixes {-context.xml, Context.groovy}.
00:33:19.848 [main] DEBUG org.springframework.test.context.support.ActiveProfilesUtils - Could not find an 'annotation declaring class' for annotation type [org.springframework.test.context.ActiveProfiles] and class [mflix.api.daos.ProjectionTest]
00:33:19.963 [main] DEBUG org.springframework.boot.test.context.SpringBootTestContextBootstrapper - @TestExecutionListeners is not present for class [mflix.api.daos.ProjectionTest]: using defaults.
00:33:19.964 [main] INFO org.springframework.boot.test.context.SpringBootTestContextBootstrapper - Loaded default TestExecutionListener class names from location [META-INF/spring.factories]: [org.springframework.boot.test.mock.mockito.MockitoTestExecutionListener, org.springframework.boot.test.mock.mockito.ResetMocksTestExecutionListener, org.springframework.boot.test.autoconfigure.restdocs.RestDocsTestExecutionListener, org.springframework.boot.test.autoconfigure.web.client.MockRestServiceServerResetTestExecutionListener, org.springframework.boot.test.autoconfigure.web.servlet.MockMvcPrintOnlyOnFailureTestExecutionListener, org.springframework.boot.test.autoconfigure.web.servlet.WebDriverTestExecutionListener, org.springframework.test.context.web.ServletTestExecutionListener, org.springframework.test.context.support.DirtiesContextBeforeModesTestExecutionListener, org.springframework.test.context.support.DependencyInjectionTestExecutionListener, org.springframework.test.context.support.DirtiesContextTestExecutionListener, org.springframework.test.context.transaction.TransactionalTestExecutionListener, org.springframework.test.context.jdbc.SqlScriptsTestExecutionListener]
00:33:19.973 [main] DEBUG org.springframework.boot.test.context.SpringBootTestContextBootstrapper - Skipping candidate TestExecutionListener [org.springframework.test.context.transaction.TransactionalTestExecutionListener] due to a missing dependency. Specify custom listener classes or make the default listener classes and their required dependencies available. Offending class: [org/springframework/transaction/interceptor/TransactionAttributeSource]
00:33:19.974 [main] DEBUG org.springframework.boot.test.context.SpringBootTestContextBootstrapper - Skipping candidate TestExecutionListener [org.springframework.test.context.jdbc.SqlScriptsTestExecutionListener] due to a missing dependency. Specify custom listener classes or make the default listener classes and their required dependencies available. Offending class: [org/springframework/transaction/interceptor/TransactionAttribute]
00:33:19.974 [main] INFO org.springframework.boot.test.context.SpringBootTestContextBootstrapper - Using TestExecutionListeners: [org.springframework.test.context.web.ServletTestExecutionListener@4fbe37eb, org.springframework.test.context.support.DirtiesContextBeforeModesTestExecutionListener@12a94400, org.springframework.boot.test.mock.mockito.MockitoTestExecutionListener@6a47b187, org.springframework.boot.test.autoconfigure.SpringBootDependencyInjectionTestExecutionListener@2049a9c1, org.springframework.test.context.support.DirtiesContextTestExecutionListener@1ef6d34c, org.springframework.boot.test.mock.mockito.ResetMocksTestExecutionListener@46271dd6, org.springframework.boot.test.autoconfigure.restdocs.RestDocsTestExecutionListener@11bb571c, org.springframework.boot.test.autoconfigure.web.client.MockRestServiceServerResetTestExecutionListener@7c51f34b, org.springframework.boot.test.autoconfigure.web.servlet.MockMvcPrintOnlyOnFailureTestExecutionListener@5495333e, org.springframework.boot.test.autoconfigure.web.servlet.WebDriverTestExecutionListener@2a225dd7]
00:33:19.976 [main] DEBUG org.springframework.test.annotation.ProfileValueUtils - Retrieved @ProfileValueSourceConfiguration [null] for test class [mflix.api.daos.ProjectionTest]
00:33:19.976 [main] DEBUG org.springframework.test.annotation.ProfileValueUtils - Retrieved ProfileValueSource type [class org.springframework.test.annotation.SystemProfileValueSource] for class [mflix.api.daos.ProjectionTest]
00:33:19.978 [main] DEBUG org.springframework.test.annotation.ProfileValueUtils - Retrieved @ProfileValueSourceConfiguration [null] for test class [mflix.api.daos.ProjectionTest]
00:33:19.978 [main] DEBUG org.springframework.test.annotation.ProfileValueUtils - Retrieved ProfileValueSource type [class org.springframework.test.annotation.SystemProfileValueSource] for class [mflix.api.daos.ProjectionTest]
00:33:19.979 [main] DEBUG org.springframework.test.annotation.ProfileValueUtils - Retrieved @ProfileValueSourceConfiguration [null] for test class [mflix.api.daos.ProjectionTest]
00:33:19.979 [main] DEBUG org.springframework.test.annotation.ProfileValueUtils - Retrieved ProfileValueSource type [class org.springframework.test.annotation.SystemProfileValueSource] for class [mflix.api.daos.ProjectionTest]
00:33:19.984 [main] DEBUG org.springframework.test.context.support.AbstractDirtiesContextTestExecutionListener - Before test class: context [DefaultTestContext@45a4b042 testClass = ProjectionTest, testInstance = [null], testMethod = [null], testException = [null], mergedContextConfiguration = [WebMergedContextConfiguration@16b2bb0c testClass = ProjectionTest, locations = '{}', classes = '{class mflix.config.MongoDBConfiguration, class mflix.config.MongoDBConfiguration}', contextInitializerClasses = '[]', activeProfiles = '{}', propertySourceLocations = '{}', propertySourceProperties = '{org.springframework.boot.test.context.SpringBootTestContextBootstrapper=true}', contextCustomizers = set[[ImportsContextCustomizer@327af41b key = [@org.springframework.boot.autoconfigure.AutoConfigurationPackage(), @org.springframework.boot.context.properties.EnableConfigurationProperties(value={}), @org.springframework.boot.test.context.SpringBootTest(webEnvironment=MOCK, value={}, properties={}, classes={mflix.config.MongoDBConfiguration.class}), @org.springframework.context.annotation.Import(value={org.springframework.boot.autoconfigure.AutoConfigurationPackages$Registrar.class}), @org.springframework.boot.autoconfigure.EnableAutoConfiguration(exclude={}, excludeName={}), @org.springframework.context.annotation.Import(value={org.springframework.boot.autoconfigure.AutoConfigurationImportSelector.class}), @org.springframework.context.annotation.Import(value={org.springframework.boot.context.properties.EnableConfigurationPropertiesImportSelector.class}), @org.springframework.test.context.BootstrapWith(value=org.springframework.boot.test.context.SpringBootTestContextBootstrapper.class), @org.junit.runner.RunWith(value=org.springframework.test.context.junit4.SpringJUnit4ClassRunner.class)]], org.springframework.boot.test.context.filter.ExcludeFilterContextCustomizer@48f278eb, org.springframework.boot.test.json.DuplicateJsonObjectContextCustomizerFactory$DuplicateJsonObjectContextCustomizer@1a18644, org.springframework.boot.test.mock.mockito.MockitoContextCustomizer@0, org.springframework.boot.test.web.client.TestRestTemplateContextCustomizer@209da20d, org.springframework.boot.test.autoconfigure.properties.PropertyMappingContextCustomizer@0, org.springframework.boot.test.autoconfigure.web.servlet.WebDriverContextCustomizerFactory$Customizer@2c1b194a], resourceBasePath = 'src/main/webapp', contextLoader = 'org.springframework.boot.test.context.SpringBootContextLoader', parent = [null]], attributes = map['org.springframework.test.context.web.ServletTestExecutionListener.activateListener' -> true]], class annotated with @DirtiesContext [false] with mode [null].
00:33:19.985 [main] DEBUG org.springframework.test.annotation.ProfileValueUtils - Retrieved @ProfileValueSourceConfiguration [null] for test class [mflix.api.daos.ProjectionTest]
00:33:19.985 [main] DEBUG org.springframework.test.annotation.ProfileValueUtils - Retrieved ProfileValueSource type [class org.springframework.test.annotation.SystemProfileValueSource] for class [mflix.api.daos.ProjectionTest]
00:33:20.006 [main] DEBUG org.springframework.core.env.StandardEnvironment - Adding PropertySource 'systemProperties' with lowest search precedence
00:33:20.006 [main] DEBUG org.springframework.core.env.StandardEnvironment - Adding PropertySource 'systemEnvironment' with lowest search precedence
00:33:20.007 [main] DEBUG org.springframework.core.env.StandardEnvironment - Initialized StandardEnvironment with PropertySources [MapPropertySource@914942811 {name='systemProperties', properties={gopherProxySet=false, awt.toolkit=sun.lwawt.macosx.LWCToolkit, java.specification.version=9, file.encoding.pkg=sun.io, sun.cpu.isalist=, sun.jnu.encoding=UTF-8, java.class.path=/Users/bcorpse/Documents/CodeWork/MongoDB/MongoDB-University/mflix-java-fixed/mflix/target/test-classes:/Users/bcorpse/Documents/CodeWork/MongoDB/MongoDB-University/mflix-java-fixed/mflix/target/classes:/Users/bcorpse/.m2/repository/org/springframework/boot/spring-boot-starter-web/2.0.3.RELEASE/spring-boot-starter-web-2.0.3.RELEASE.jar:/Users/bcorpse/.m2/repository/org/springframework/boot/spring-boot-starter/2.0.3.RELEASE/spring-boot-starter-2.0.3.RELEASE.jar:/Users/bcorpse/.m2/repository/org/springframework/boot/spring-boot-starter-logging/2.0.3.RELEASE/spring-boot-starter-logging-2.0.3.RELEASE.jar:/Users/bcorpse/.m2/repository/ch/qos/logback/logback-classic/1.2.3/logback-classic-1.2.3.jar:/Users/bcorpse/.m2/repository/ch/qos/logback/logback-core/1.2.3/logback-core-1.2.3.jar:/Users/bcorpse/.m2/repository/org/apache/logging/log4j/log4j-to-slf4j/2.10.0/log4j-to-slf4j-2.10.0.jar:/Users/bcorpse/.m2/repository/org/apache/logging/log4j/log4j-api/2.10.0/log4j-api-2.10.0.jar:/Users/bcorpse/.m2/repository/org/slf4j/jul-to-slf4j/1.7.25/jul-to-slf4j-1.7.25.jar:/Users/bcorpse/.m2/repository/javax/annotation/javax.annotation-api/1.3.2/javax.annotation-api-1.3.2.jar:/Users/bcorpse/.m2/repository/org/yaml/snakeyaml/1.19/snakeyaml-1.19.jar:/Users/bcorpse/.m2/repository/org/springframework/boot/spring-boot-starter-json/2.0.3.RELEASE/spring-boot-starter-json-2.0.3.RELEASE.jar:/Users/bcorpse/.m2/repository/com/fasterxml/jackson/datatype/jackson-datatype-jdk8/2.9.6/jackson-datatype-jdk8-2.9.6.jar:/Users/bcorpse/.m2/repository/com/fasterxml/jackson/datatype/jackson-datatype-jsr310/2.9.6/jackson-datatype-jsr310-2.9.6.jar:/Users/bcorpse/.m2/repository/com/fasterxml/jackson/module/jackson-module-parameter-names/2.9.6/jackson-module-parameter-names-2.9.6.jar:/Users/bcorpse/.m2/repository/org/springframework/boot/spring-boot-starter-tomcat/2.0.3.RELEASE/spring-boot-starter-tomcat-2.0.3.RELEASE.jar:/Users/bcorpse/.m2/repository/org/apache/tomcat/embed/tomcat-embed-core/8.5.31/tomcat-embed-core-8.5.31.jar:/Users/bcorpse/.m2/repository/org/apache/tomcat/embed/tomcat-embed-el/8.5.31/tomcat-embed-el-8.5.31.jar:/Users/bcorpse/.m2/repository/org/apache/tomcat/embed/tomcat-embed-websocket/8.5.31/tomcat-embed-websocket-8.5.31.jar:/Users/bcorpse/.m2/repository/org/hibernate/validator/hibernate-validator/6.0.10.Final/hibernate-validator-6.0.10.Final.jar:/Users/bcorpse/.m2/repository/javax/validation/validation-api/2.0.1.Final/validation-api-2.0.1.Final.jar:/Users/bcorpse/.m2/repository/org/jboss/logging/jboss-logging/3.3.2.Final/jboss-logging-3.3.2.Final.jar:/Users/bcorpse/.m2/repository/com/fasterxml/classmate/1.3.4/classmate-1.3.4.jar:/Users/bcorpse/.m2/repository/org/springframework/spring-webmvc/5.0.7.RELEASE/spring-webmvc-5.0.7.RELEASE.jar:/Users/bcorpse/.m2/repository/org/springframework/boot/spring-boot-starter-test/2.0.3.RELEASE/spring-boot-starter-test-2.0.3.RELEASE.jar:/Users/bcorpse/.m2/repository/org/springframework/boot/spring-boot-test/2.0.3.RELEASE/spring-boot-test-2.0.3.RELEASE.jar:/Users/bcorpse/.m2/repository/org/springframework/boot/spring-boot-test-autoconfigure/2.0.3.RELEASE/spring-boot-test-autoconfigure-2.0.3.RELEASE.jar:/Users/bcorpse/.m2/repository/com/jayway/jsonpath/json-path/2.4.0/json-path-2.4.0.jar:/Users/bcorpse/.m2/repository/net/minidev/json-smart/2.3/json-smart-2.3.jar:/Users/bcorpse/.m2/repository/net/minidev/accessors-smart/1.2/accessors-smart-1.2.jar:/Users/bcorpse/.m2/repository/org/ow2/asm/asm/5.0.4/asm-5.0.4.jar:/Users/bcorpse/.m2/repository/org/slf4j/slf4j-api/1.7.25/slf4j-api-1.7.25.jar:/Users/bcorpse/.m2/repository/junit/junit/4.12/junit-4.12.jar:/Users/bcorpse/.m2/repository/org/assertj/assertj-core/3.9.1/assertj-core-3.9.1.jar:/Users/bcorpse/.m2/repository/org/mockito/mockito-core/2.15.0/mockito-core-2.15.0.jar:/Users/bcorpse/.m2/repository/net/bytebuddy/byte-buddy/1.7.9/byte-buddy-1.7.9.jar:/Users/bcorpse/.m2/repository/net/bytebuddy/byte-buddy-agent/1.7.9/byte-buddy-agent-1.7.9.jar:/Users/bcorpse/.m2/repository/org/objenesis/objenesis/2.6/objenesis-2.6.jar:/Users/bcorpse/.m2/repository/org/hamcrest/hamcrest-core/1.3/hamcrest-core-1.3.jar:/Users/bcorpse/.m2/repository/org/hamcrest/hamcrest-library/1.3/hamcrest-library-1.3.jar:/Users/bcorpse/.m2/repository/org/skyscreamer/jsonassert/1.5.0/jsonassert-1.5.0.jar:/Users/bcorpse/.m2/repository/com/vaadin/external/google/android-json/0.0.20131108.vaadin1/android-json-0.0.20131108.vaadin1.jar:/Users/bcorpse/.m2/repository/org/springframework/spring-test/5.0.7.RELEASE/spring-test-5.0.7.RELEASE.jar:/Users/bcorpse/.m2/repository/org/xmlunit/xmlunit-core/2.5.1/xmlunit-core-2.5.1.jar:/Users/bcorpse/.m2/repository/org/springframework/boot/spring-boot-starter-security/2.0.4.RELEASE/spring-boot-starter-security-2.0.4.RELEASE.jar:/Users/bcorpse/.m2/repository/org/springframework/spring-aop/5.0.8.RELEASE/spring-aop-5.0.8.RELEASE.jar:/Users/bcorpse/.m2/repository/org/springframework/security/spring-security-config/5.0.7.RELEASE/spring-security-config-5.0.7.RELEASE.jar:/Users/bcorpse/.m2/repository/org/springframework/security/spring-security-core/5.0.7.RELEASE/spring-security-core-5.0.7.RELEASE.jar:/Users/bcorpse/.m2/repository/org/springframework/security/spring-security-web/5.0.7.RELEASE/spring-security-web-5.0.7.RELEASE.jar:/Users/bcorpse/.m2/repository/org/springframework/boot/spring-boot/2.0.4.RELEASE/spring-boot-2.0.4.RELEASE.jar:/Users/bcorpse/.m2/repository/org/springframework/spring-context/5.0.7.RELEASE/spring-context-5.0.7.RELEASE.jar:/Users/bcorpse/.m2/repository/org/springframework/spring-beans/5.0.7.RELEASE/spring-beans-5.0.7.RELEASE.jar:/Users/bcorpse/.m2/repository/org/springframework/spring-expression/5.0.7.RELEASE/spring-expression-5.0.7.RELEASE.jar:/Users/bcorpse/.m2/repository/org/springframework/spring-core/5.0.7.RELEASE/spring-core-5.0.7.RELEASE.jar:/Users/bcorpse/.m2/repository/org/springframework/spring-jcl/5.0.7.RELEASE/spring-jcl-5.0.7.RELEASE.jar:/Users/bcorpse/.m2/repository/org/springframework/boot/spring-boot-autoconfigure/2.0.3.RELEASE/spring-boot-autoconfigure-2.0.3.RELEASE.jar:/Users/bcorpse/.m2/repository/org/springframework/spring-web/5.0.7.RELEASE/spring-web-5.0.7.RELEASE.jar:/Users/bcorpse/.m2/repository/io/jsonwebtoken/jjwt/0.9.1/jjwt-0.9.1.jar:/Users/bcorpse/.m2/repository/com/fasterxml/jackson/core/jackson-databind/2.9.6/jackson-databind-2.9.6.jar:/Users/bcorpse/.m2/repository/com/fasterxml/jackson/core/jackson-annotations/2.9.0/jackson-annotations-2.9.0.jar:/Users/bcorpse/.m2/repository/com/fasterxml/jackson/core/jackson-core/2.9.6/jackson-core-2.9.6.jar:/Users/bcorpse/.m2/repository/org/junit/jupiter/junit-jupiter-api/5.1.0/junit-jupiter-api-5.1.0.jar:/Users/bcorpse/.m2/repository/org/apiguardian/apiguardian-api/1.0.0/apiguardian-api-1.0.0.jar:/Users/bcorpse/.m2/repository/org/opentest4j/opentest4j/1.0.0/opentest4j-1.0.0.jar:/Users/bcorpse/.m2/repository/org/junit/platform/junit-platform-commons/1.1.0/junit-platform-commons-1.1.0.jar:/Users/bcorpse/.m2/repository/org/mongodb/mongodb-driver-sync/3.9.1/mongodb-driver-sync-3.9.1.jar:/Users/bcorpse/.m2/repository/org/mongodb/bson/3.9.1/bson-3.9.1.jar:/Users/bcorpse/.m2/repository/org/mongodb/mongodb-driver-core/3.9.1/mongodb-driver-core-3.9.1.jar:, java.vm.vendor=Oracle Corporation, sun.arch.data.model=64, java.vendor.url=http://java.oracle.com/, user.timezone=Asia/Bangkok, os.name=Mac OS X, java.vm.specification.version=9, sun.java.launcher=SUN_STANDARD, user.country=TH, sun.boot.library.path=/Users/bcorpse/.sdkman/candidates/java/9.0.4-open/lib, sun.java.command=/Users/bcorpse/Documents/CodeWork/MongoDB/MongoDB-University/mflix-java-fixed/mflix/target/surefire/surefirebooter15729867843857505898.jar /Users/bcorpse/Documents/CodeWork/MongoDB/MongoDB-University/mflix-java-fixed/mflix/target/surefire 2019-08-22T00-33-19_057-jvmRun1 surefire10661821437796899321tmp surefire_010548660696323474742tmp, http.nonProxyHosts=local|*.local|169.254/16|*.169.254/16, jdk.debug=release, test=ProjectionTest, surefire.test.class.path=/Users/bcorpse/Documents/CodeWork/MongoDB/MongoDB-University/mflix-java-fixed/mflix/target/test-classes:/Users/bcorpse/Documents/CodeWork/MongoDB/MongoDB-University/mflix-java-fixed/mflix/target/classes:/Users/bcorpse/.m2/repository/org/springframework/boot/spring-boot-starter-web/2.0.3.RELEASE/spring-boot-starter-web-2.0.3.RELEASE.jar:/Users/bcorpse/.m2/repository/org/springframework/boot/spring-boot-starter/2.0.3.RELEASE/spring-boot-starter-2.0.3.RELEASE.jar:/Users/bcorpse/.m2/repository/org/springframework/boot/spring-boot-starter-logging/2.0.3.RELEASE/spring-boot-starter-logging-2.0.3.RELEASE.jar:/Users/bcorpse/.m2/repository/ch/qos/logback/logback-classic/1.2.3/logback-classic-1.2.3.jar:/Users/bcorpse/.m2/repository/ch/qos/logback/logback-core/1.2.3/logback-core-1.2.3.jar:/Users/bcorpse/.m2/repository/org/apache/logging/log4j/log4j-to-slf4j/2.10.0/log4j-to-slf4j-2.10.0.jar:/Users/bcorpse/.m2/repository/org/apache/logging/log4j/log4j-api/2.10.0/log4j-api-2.10.0.jar:/Users/bcorpse/.m2/repository/org/slf4j/jul-to-slf4j/1.7.25/jul-to-slf4j-1.7.25.jar:/Users/bcorpse/.m2/repository/javax/annotation/javax.annotation-api/1.3.2/javax.annotation-api-1.3.2.jar:/Users/bcorpse/.m2/repository/org/yaml/snakeyaml/1.19/snakeyaml-1.19.jar:/Users/bcorpse/.m2/repository/org/springframework/boot/spring-boot-starter-json/2.0.3.RELEASE/spring-boot-starter-json-2.0.3.RELEASE.jar:/Users/bcorpse/.m2/repository/com/fasterxml/jackson/datatype/jackson-datatype-jdk8/2.9.6/jackson-datatype-jdk8-2.9.6.jar:/Users/bcorpse/.m2/repository/com/fasterxml/jackson/datatype/jackson-datatype-jsr310/2.9.6/jackson-datatype-jsr310-2.9.6.jar:/Users/bcorpse/.m2/repository/com/fasterxml/jackson/module/jackson-module-parameter-names/2.9.6/jackson-module-parameter-names-2.9.6.jar:/Users/bcorpse/.m2/repository/org/springframework/boot/spring-boot-starter-tomcat/2.0.3.RELEASE/spring-boot-starter-tomcat-2.0.3.RELEASE.jar:/Users/bcorpse/.m2/repository/org/apache/tomcat/embed/tomcat-embed-core/8.5.31/tomcat-embed-core-8.5.31.jar:/Users/bcorpse/.m2/repository/org/apache/tomcat/embed/tomcat-embed-el/8.5.31/tomcat-embed-el-8.5.31.jar:/Users/bcorpse/.m2/repository/org/apache/tomcat/embed/tomcat-embed-websocket/8.5.31/tomcat-embed-websocket-8.5.31.jar:/Users/bcorpse/.m2/repository/org/hibernate/validator/hibernate-validator/6.0.10.Final/hibernate-validator-6.0.10.Final.jar:/Users/bcorpse/.m2/repository/javax/validation/validation-api/2.0.1.Final/validation-api-2.0.1.Final.jar:/Users/bcorpse/.m2/repository/org/jboss/logging/jboss-logging/3.3.2.Final/jboss-logging-3.3.2.Final.jar:/Users/bcorpse/.m2/repository/com/fasterxml/classmate/1.3.4/classmate-1.3.4.jar:/Users/bcorpse/.m2/repository/org/springframework/spring-webmvc/5.0.7.RELEASE/spring-webmvc-5.0.7.RELEASE.jar:/Users/bcorpse/.m2/repository/org/springframework/boot/spring-boot-starter-test/2.0.3.RELEASE/spring-boot-starter-test-2.0.3.RELEASE.jar:/Users/bcorpse/.m2/repository/org/springframework/boot/spring-boot-test/2.0.3.RELEASE/spring-boot-test-2.0.3.RELEASE.jar:/Users/bcorpse/.m2/repository/org/springframework/boot/spring-boot-test-autoconfigure/2.0.3.RELEASE/spring-boot-test-autoconfigure-2.0.3.RELEASE.jar:/Users/bcorpse/.m2/repository/com/jayway/jsonpath/json-path/2.4.0/json-path-2.4.0.jar:/Users/bcorpse/.m2/repository/net/minidev/json-smart/2.3/json-smart-2.3.jar:/Users/bcorpse/.m2/repository/net/minidev/accessors-smart/1.2/accessors-smart-1.2.jar:/Users/bcorpse/.m2/repository/org/ow2/asm/asm/5.0.4/asm-5.0.4.jar:/Users/bcorpse/.m2/repository/org/slf4j/slf4j-api/1.7.25/slf4j-api-1.7.25.jar:/Users/bcorpse/.m2/repository/junit/junit/4.12/junit-4.12.jar:/Users/bcorpse/.m2/repository/org/assertj/assertj-core/3.9.1/assertj-core-3.9.1.jar:/Users/bcorpse/.m2/repository/org/mockito/mockito-core/2.15.0/mockito-core-2.15.0.jar:/Users/bcorpse/.m2/repository/net/bytebuddy/byte-buddy/1.7.9/byte-buddy-1.7.9.jar:/Users/bcorpse/.m2/repository/net/bytebuddy/byte-buddy-agent/1.7.9/byte-buddy-agent-1.7.9.jar:/Users/bcorpse/.m2/repository/org/objenesis/objenesis/2.6/objenesis-2.6.jar:/Users/bcorpse/.m2/repository/org/hamcrest/hamcrest-core/1.3/hamcrest-core-1.3.jar:/Users/bcorpse/.m2/repository/org/hamcrest/hamcrest-library/1.3/hamcrest-library-1.3.jar:/Users/bcorpse/.m2/repository/org/skyscreamer/jsonassert/1.5.0/jsonassert-1.5.0.jar:/Users/bcorpse/.m2/repository/com/vaadin/external/google/android-json/0.0.20131108.vaadin1/android-json-0.0.20131108.vaadin1.jar:/Users/bcorpse/.m2/repository/org/springframework/spring-test/5.0.7.RELEASE/spring-test-5.0.7.RELEASE.jar:/Users/bcorpse/.m2/repository/org/xmlunit/xmlunit-core/2.5.1/xmlunit-core-2.5.1.jar:/Users/bcorpse/.m2/repository/org/springframework/boot/spring-boot-starter-security/2.0.4.RELEASE/spring-boot-starter-security-2.0.4.RELEASE.jar:/Users/bcorpse/.m2/repository/org/springframework/spring-aop/5.0.8.RELEASE/spring-aop-5.0.8.RELEASE.jar:/Users/bcorpse/.m2/repository/org/springframework/security/spring-security-config/5.0.7.RELEASE/spring-security-config-5.0.7.RELEASE.jar:/Users/bcorpse/.m2/repository/org/springframework/security/spring-security-core/5.0.7.RELEASE/spring-security-core-5.0.7.RELEASE.jar:/Users/bcorpse/.m2/repository/org/springframework/security/spring-security-web/5.0.7.RELEASE/spring-security-web-5.0.7.RELEASE.jar:/Users/bcorpse/.m2/repository/org/springframework/boot/spring-boot/2.0.4.RELEASE/spring-boot-2.0.4.RELEASE.jar:/Users/bcorpse/.m2/repository/org/springframework/spring-context/5.0.7.RELEASE/spring-context-5.0.7.RELEASE.jar:/Users/bcorpse/.m2/repository/org/springframework/spring-beans/5.0.7.RELEASE/spring-beans-5.0.7.RELEASE.jar:/Users/bcorpse/.m2/repository/org/springframework/spring-expression/5.0.7.RELEASE/spring-expression-5.0.7.RELEASE.jar:/Users/bcorpse/.m2/repository/org/springframework/spring-core/5.0.7.RELEASE/spring-core-5.0.7.RELEASE.jar:/Users/bcorpse/.m2/repository/org/springframework/spring-jcl/5.0.7.RELEASE/spring-jcl-5.0.7.RELEASE.jar:/Users/bcorpse/.m2/repository/org/springframework/boot/spring-boot-autoconfigure/2.0.3.RELEASE/spring-boot-autoconfigure-2.0.3.RELEASE.jar:/Users/bcorpse/.m2/repository/org/springframework/spring-web/5.0.7.RELEASE/spring-web-5.0.7.RELEASE.jar:/Users/bcorpse/.m2/repository/io/jsonwebtoken/jjwt/0.9.1/jjwt-0.9.1.jar:/Users/bcorpse/.m2/repository/com/fasterxml/jackson/core/jackson-databind/2.9.6/jackson-databind-2.9.6.jar:/Users/bcorpse/.m2/repository/com/fasterxml/jackson/core/jackson-annotations/2.9.0/jackson-annotations-2.9.0.jar:/Users/bcorpse/.m2/repository/com/fasterxml/jackson/core/jackson-core/2.9.6/jackson-core-2.9.6.jar:/Users/bcorpse/.m2/repository/org/junit/jupiter/junit-jupiter-api/5.1.0/junit-jupiter-api-5.1.0.jar:/Users/bcorpse/.m2/repository/org/apiguardian/apiguardian-api/1.0.0/apiguardian-api-1.0.0.jar:/Users/bcorpse/.m2/repository/org/opentest4j/opentest4j/1.0.0/opentest4j-1.0.0.jar:/Users/bcorpse/.m2/repository/org/junit/platform/junit-platform-commons/1.1.0/junit-platform-commons-1.1.0.jar:/Users/bcorpse/.m2/repository/org/mongodb/mongodb-driver-sync/3.9.1/mongodb-driver-sync-3.9.1.jar:/Users/bcorpse/.m2/repository/org/mongodb/bson/3.9.1/bson-3.9.1.jar:/Users/bcorpse/.m2/repository/org/mongodb/mongodb-driver-core/3.9.1/mongodb-driver-core-3.9.1.jar:, sun.cpu.endian=little, user.home=/Users/bcorpse, user.language=en, java.specification.vendor=Oracle Corporation, java.home=/Users/bcorpse/.sdkman/candidates/java/9.0.4-open, file.separator=/, basedir=/Users/bcorpse/Documents/CodeWork/MongoDB/MongoDB-University/mflix-java-fixed/mflix, java.vm.compressedOopsMode=Zero based, line.separator=
, java.specification.name=Java Platform API Specification, java.vm.specification.vendor=Oracle Corporation, java.awt.graphicsenv=sun.awt.CGraphicsEnvironment, surefire.real.class.path=/Users/bcorpse/Documents/CodeWork/MongoDB/MongoDB-University/mflix-java-fixed/mflix/target/surefire/surefirebooter15729867843857505898.jar, sun.management.compiler=HotSpot 64-Bit Tiered Compilers, ftp.nonProxyHosts=local|*.local|169.254/16|*.169.254/16, java.runtime.version=9.0.4+11, user.name=bcorpse, path.separator=:, os.version=10.14.6, java.runtime.name=OpenJDK Runtime Environment, file.encoding=UTF-8, java.vm.name=OpenJDK 64-Bit Server VM, localRepository=/Users/bcorpse/.m2/repository, java.vendor.url.bug=http://bugreport.java.com/bugreport/, java.io.tmpdir=/var/folders/r5/b13l8zcn6v99sq1l75grrp4h0000gn/T/, java.version=9.0.4, user.dir=/Users/bcorpse/Documents/CodeWork/MongoDB/MongoDB-University/mflix-java-fixed/mflix, os.arch=x86_64, java.vm.specification.name=Java Virtual Machine Specification, java.awt.printerjob=sun.lwawt.macosx.CPrinterJob, sun.os.patch.level=unknown, java.library.path=/Users/bcorpse/Library/Java/Extensions:/Library/Java/Extensions:/Network/Library/Java/Extensions:/System/Library/Java/Extensions:/usr/lib/java:., java.vm.info=mixed mode, java.vendor=Oracle Corporation, java.vm.version=9.0.4+11, sun.io.unicode.encoding=UnicodeBig, java.class.version=53.0, socksNonProxyHosts=local|*.local|169.254/16|*.169.254/16}}, SystemEnvironmentPropertySource@1777443462 {name='systemEnvironment', properties={PYENV_SHELL=bash, PATH=/Users/bcorpse/anaconda3/bin:/Users/bcorpse/anaconda3/condabin:~/mongodb-osx-x86_64-enterprise-4.0.12/bin:/Users/bcorpse/.cargo/bin:/Users/bcorpse/.nvm/versions/node/v12.4.0/bin:/Users/bcorpse/.pyenv/plugins/pyenv-virtualenv/shims:/Users/bcorpse/.pyenv/shims:/Users/bcorpse/.pyenv/bin:/Users/bcorpse/Downloads/google-cloud-sdk/bin:/Users/bcorpse/.sdkman/candidates/maven/current/bin:/Users/bcorpse/.sdkman/candidates/java/current/bin:/Users/bcorpse/.sdkman/candidates/gradle/current/bin:/usr/local/bin:/usr/bin:/bin:/usr/sbin:/sbin:/Users/bcorpse/.sdkman/candidates/maven/current/bin:/Users/bcorpse/Documents/CodeWork/Go/bin:/usr/local/opt/go/libexec/bin:/Users/bcorpse/.local/bin:/Users/bcorpse/.cabal/bin:/Users/bcorpse/.ghcup/env:/Users/bcorpse/.ghcup/bin, SDKMAN_VERSION=5.7.3+337, CONDA_DEFAULT_ENV=base, JAVA_MAIN_CLASS_77252=org.apache.maven.surefire.booter.ForkedBooter, CONDA_PYTHON_EXE=/Users/bcorpse/anaconda3/bin/python, CONDA_PREFIX=/Users/bcorpse/anaconda3, MAVEN_HOME=/Users/bcorpse/.sdkman/candidates/maven/current, SDKMAN_DIR=/Users/bcorpse/.sdkman, LOGNAME=bcorpse, PWD=/Users/bcorpse/Documents/CodeWork/MongoDB/MongoDB-University/mflix-java-fixed/mflix, TERM_PROGRAM_VERSION=421.2, PYENV_VIRTUALENV_INIT=1, NVM_CD_FLAGS=, SHELL=/bin/bash, SDKMAN_CANDIDATES_API=https://api.sdkman.io/2, OLDPWD=/Users/bcorpse/Documents/CodeWork/MongoDB/MongoDB-University/mflix-java-fixed/mflix, SECURITYSESSIONID=186a8, GOPATH=/Users/bcorpse/Documents/CodeWork/Go/, TMPDIR=/var/folders/r5/b13l8zcn6v99sq1l75grrp4h0000gn/T/, XPC_FLAGS=0x0, TERM_SESSION_ID=8E3A6D46-2856-4B64-AD6A-0A6B9486A141, M2_HOME=/Users/bcorpse/.sdkman/candidates/maven/current, __CF_USER_TEXT_ENCODING=0x1F5:0x0:0x0, CONDA_PROMPT_MODIFIER=(base) , Apple_PubSub_Socket_Render=/private/tmp/com.apple.launchd.ZQHqlhVJbJ/Render, LC_CTYPE=UTF-8, SHLVL=2, JAVA_MAIN_CLASS_77230=org.codehaus.plexus.classworlds.launcher.Launcher, CONDA_EXE=/Users/bcorpse/anaconda3/bin/conda, JAVA_HOME=/Users/bcorpse/.sdkman/candidates/java/current, TERM=xterm-256color, GOOGLE_APPLICATION_CREDENTIALS=/Users/bcorpse/Documents/CodeWork/Gcloud/KMS/key/mojito-001-f2f6a9d8bc09-bigdata-export.json, GRADLE_HOME=/Users/bcorpse/.sdkman/candidates/gradle/current, _CE_M=, XPC_SERVICE_NAME=0, MAVEN_CMD_LINE_ARGS= test -Dtest=ProjectionTest, CONDA_SHLVL=1, _=/Users/bcorpse/.sdkman/candidates/java/9.0.4-open/bin/java, SDKMAN_CANDIDATES_DIR=/Users/bcorpse/.sdkman/candidates, DOCKER_ID_USER=bcorpse, NVM_DIR=/Users/bcorpse/.nvm, TERM_PROGRAM=Apple_Terminal, MAVEN_PROJECTBASEDIR=/Users/bcorpse/Documents/CodeWork/MongoDB/MongoDB-University/mflix-java-fixed/mflix, SDKMAN_PLATFORM=Darwin, USER=bcorpse, GOROOT=/usr/local/opt/go/libexec, SSH_AUTH_SOCK=/private/tmp/com.apple.launchd.mxIDyUvYiG/Listeners, _CE_CONDA=, NVM_BIN=/Users/bcorpse/.nvm/versions/node/v12.4.0/bin, HOME=/Users/bcorpse}}]
00:33:20.010 [main] DEBUG org.springframework.test.context.support.TestPropertySourceUtils - Adding inlined properties to environment: {spring.jmx.enabled=false, org.springframework.boot.test.context.SpringBootTestContextBootstrapper=true, server.port=-1}
00:33:20.010 [main] DEBUG org.springframework.core.env.StandardEnvironment - Adding PropertySource 'Inlined Test Properties' with highest search precedence

  .   ____          _            __ _ _
 /\\ / ___'_ __ _ _(_)_ __  __ _ \ \ \ \
( ( )\___ | '_ | '_| | '_ \/ _` | \ \ \ \
 \\/  ___)| |_)| | | | | || (_| |  ) ) ) )
  '  |____| .__|_| |_|_| |_\__, | / / / /
 =========|_|==============|___/=/_/_/_/
 :: Spring Boot ::        (v2.0.4.RELEASE)

2019-08-22 00:33:20.474  INFO 77252 --- [           main] mflix.api.daos.ProjectionTest            : Starting ProjectionTest on Kamolsits-MacBook-Pro.local with PID 77252 (started by bcorpse in /Users/bcorpse/Documents/CodeWork/MongoDB/MongoDB-University/mflix-java-fixed/mflix)
2019-08-22 00:33:20.477  INFO 77252 --- [           main] mflix.api.daos.ProjectionTest            : No active profile set, falling back to default profiles: default
2019-08-22 00:33:20.503  INFO 77252 --- [           main] o.s.w.c.s.GenericWebApplicationContext   : Refreshing org.springframework.web.context.support.GenericWebApplicationContext@62452cc9: startup date [Thu Aug 22 00:33:20 ICT 2019]; root of context hierarchy
2019-08-22 00:33:21.528  INFO 77252 --- [           main] org.mongodb.driver.cluster               : Cluster created with settings {hosts=[mflix-shard-00-01-efugp.gcp.mongodb.net:27017, mflix-shard-00-02-efugp.gcp.mongodb.net:27017, mflix-shard-00-00-efugp.gcp.mongodb.net:27017], mode=MULTIPLE, requiredClusterType=REPLICA_SET, serverSelectionTimeout='30000 ms', maxWaitQueueSize=500, requiredReplicaSetName='mflix-shard-0'}
2019-08-22 00:33:21.528  INFO 77252 --- [           main] org.mongodb.driver.cluster               : Adding discovered server mflix-shard-00-01-efugp.gcp.mongodb.net:27017 to client view of cluster
2019-08-22 00:33:21.556  INFO 77252 --- [           main] org.mongodb.driver.cluster               : Adding discovered server mflix-shard-00-02-efugp.gcp.mongodb.net:27017 to client view of cluster
2019-08-22 00:33:21.558  INFO 77252 --- [           main] org.mongodb.driver.cluster               : Adding discovered server mflix-shard-00-00-efugp.gcp.mongodb.net:27017 to client view of cluster
2019-08-22 00:33:21.889  INFO 77252 --- [           main] o.s.w.s.handler.SimpleUrlHandlerMapping  : Mapped URL path [/**/favicon.ico] onto handler of type [class org.springframework.web.servlet.resource.ResourceHttpRequestHandler]
2019-08-22 00:33:22.031  INFO 77252 --- [ngodb.net:27017] org.mongodb.driver.connection            : Opened connection [connectionId{localValue:3, serverValue:39526}] to mflix-shard-00-02-efugp.gcp.mongodb.net:27017
2019-08-22 00:33:22.036  INFO 77252 --- [ngodb.net:27017] org.mongodb.driver.connection            : Opened connection [connectionId{localValue:2, serverValue:81041}] to mflix-shard-00-00-efugp.gcp.mongodb.net:27017
2019-08-22 00:33:22.040  INFO 77252 --- [ngodb.net:27017] org.mongodb.driver.connection            : Opened connection [connectionId{localValue:1, serverValue:193068}] to mflix-shard-00-01-efugp.gcp.mongodb.net:27017
2019-08-22 00:33:22.066  INFO 77252 --- [ngodb.net:27017] org.mongodb.driver.cluster               : Monitor thread successfully connected to server with description ServerDescription{address=mflix-shard-00-02-efugp.gcp.mongodb.net:27017, type=REPLICA_SET_SECONDARY, state=CONNECTED, ok=true, version=ServerVersion{versionList=[4, 0, 12]}, minWireVersion=0, maxWireVersion=7, maxDocumentSize=16777216, logicalSessionTimeoutMinutes=30, roundTripTimeNanos=33347385, setName='mflix-shard-0', canonicalAddress=mflix-shard-00-02-efugp.gcp.mongodb.net:27017, hosts=[mflix-shard-00-01-efugp.gcp.mongodb.net:27017, mflix-shard-00-02-efugp.gcp.mongodb.net:27017, mflix-shard-00-00-efugp.gcp.mongodb.net:27017], passives=[], arbiters=[], primary='mflix-shard-00-00-efugp.gcp.mongodb.net:27017', tagSet=TagSet{[Tag{name='region', value='SOUTHEASTERN_ASIA_PACIFIC'}, Tag{name='provider', value='GCP'}, Tag{name='nodeType', value='ELECTABLE'}]}, electionId=null, setVersion=2, lastWriteDate=Thu Aug 22 00:33:21 ICT 2019, lastUpdateTimeNanos=143793035505950}
2019-08-22 00:33:22.072  INFO 77252 --- [ngodb.net:27017] org.mongodb.driver.cluster               : Monitor thread successfully connected to server with description ServerDescription{address=mflix-shard-00-00-efugp.gcp.mongodb.net:27017, type=REPLICA_SET_PRIMARY, state=CONNECTED, ok=true, version=ServerVersion{versionList=[4, 0, 12]}, minWireVersion=0, maxWireVersion=7, maxDocumentSize=16777216, logicalSessionTimeoutMinutes=30, roundTripTimeNanos=35510032, setName='mflix-shard-0', canonicalAddress=mflix-shard-00-00-efugp.gcp.mongodb.net:27017, hosts=[mflix-shard-00-01-efugp.gcp.mongodb.net:27017, mflix-shard-00-02-efugp.gcp.mongodb.net:27017, mflix-shard-00-00-efugp.gcp.mongodb.net:27017], passives=[], arbiters=[], primary='mflix-shard-00-00-efugp.gcp.mongodb.net:27017', tagSet=TagSet{[Tag{name='nodeType', value='ELECTABLE'}, Tag{name='region', value='SOUTHEASTERN_ASIA_PACIFIC'}, Tag{name='provider', value='GCP'}]}, electionId=7fffffff0000000000000018, setVersion=2, lastWriteDate=Thu Aug 22 00:33:21 ICT 2019, lastUpdateTimeNanos=143793041699579}
2019-08-22 00:33:22.072  INFO 77252 --- [ngodb.net:27017] org.mongodb.driver.cluster               : Setting max election id to 7fffffff0000000000000018 from replica set primary mflix-shard-00-00-efugp.gcp.mongodb.net:27017
2019-08-22 00:33:22.073  INFO 77252 --- [ngodb.net:27017] org.mongodb.driver.cluster               : Setting max set version to 2 from replica set primary mflix-shard-00-00-efugp.gcp.mongodb.net:27017
2019-08-22 00:33:22.073  INFO 77252 --- [ngodb.net:27017] org.mongodb.driver.cluster               : Discovered replica set primary mflix-shard-00-00-efugp.gcp.mongodb.net:27017
2019-08-22 00:33:22.076  INFO 77252 --- [ngodb.net:27017] org.mongodb.driver.cluster               : Monitor thread successfully connected to server with description ServerDescription{address=mflix-shard-00-01-efugp.gcp.mongodb.net:27017, type=REPLICA_SET_SECONDARY, state=CONNECTED, ok=true, version=ServerVersion{versionList=[4, 0, 12]}, minWireVersion=0, maxWireVersion=7, maxDocumentSize=16777216, logicalSessionTimeoutMinutes=30, roundTripTimeNanos=35745345, setName='mflix-shard-0', canonicalAddress=mflix-shard-00-01-efugp.gcp.mongodb.net:27017, hosts=[mflix-shard-00-01-efugp.gcp.mongodb.net:27017, mflix-shard-00-02-efugp.gcp.mongodb.net:27017, mflix-shard-00-00-efugp.gcp.mongodb.net:27017], passives=[], arbiters=[], primary='mflix-shard-00-00-efugp.gcp.mongodb.net:27017', tagSet=TagSet{[Tag{name='region', value='SOUTHEASTERN_ASIA_PACIFIC'}, Tag{name='provider', value='GCP'}, Tag{name='nodeType', value='ELECTABLE'}]}, electionId=null, setVersion=2, lastWriteDate=Thu Aug 22 00:33:21 ICT 2019, lastUpdateTimeNanos=143793045856667}
2019-08-22 00:33:22.105  INFO 77252 --- [           main] s.w.s.m.m.a.RequestMappingHandlerAdapter : Looking for @ControllerAdvice: org.springframework.web.context.support.GenericWebApplicationContext@62452cc9: startup date [Thu Aug 22 00:33:20 ICT 2019]; root of context hierarchy
2019-08-22 00:33:22.173  INFO 77252 --- [           main] s.w.s.m.m.a.RequestMappingHandlerMapping : Mapped "{[/error],produces=[text/html]}" onto public org.springframework.web.servlet.ModelAndView org.springframework.boot.autoconfigure.web.servlet.error.BasicErrorController.errorHtml(javax.servlet.http.HttpServletRequest,javax.servlet.http.HttpServletResponse)
2019-08-22 00:33:22.174  INFO 77252 --- [           main] s.w.s.m.m.a.RequestMappingHandlerMapping : Mapped "{[/error]}" onto public org.springframework.http.ResponseEntity<java.util.Map<java.lang.String, java.lang.Object>> org.springframework.boot.autoconfigure.web.servlet.error.BasicErrorController.error(javax.servlet.http.HttpServletRequest)
2019-08-22 00:33:22.197  INFO 77252 --- [           main] o.s.w.s.handler.SimpleUrlHandlerMapping  : Mapped URL path [/webjars/**] onto handler of type [class org.springframework.web.servlet.resource.ResourceHttpRequestHandler]
2019-08-22 00:33:22.197  INFO 77252 --- [           main] o.s.w.s.handler.SimpleUrlHandlerMapping  : Mapped URL path [/**] onto handler of type [class org.springframework.web.servlet.resource.ResourceHttpRequestHandler]
2019-08-22 00:33:22.236  INFO 77252 --- [           main] o.s.b.a.w.s.WelcomePageHandlerMapping    : Adding welcome page: class path resource [build/index.html]
2019-08-22 00:33:22.385  INFO 77252 --- [           main] .s.s.UserDetailsServiceAutoConfiguration : 

Using generated security password: 41a40845-8ba3-4711-97c8-f05f08473cbe

2019-08-22 00:33:22.535  INFO 77252 --- [           main] o.s.s.web.DefaultSecurityFilterChain     : Creating filter chain: org.springframework.security.web.util.matcher.AnyRequestMatcher@1, [org.springframework.security.web.context.request.async.WebAsyncManagerIntegrationFilter@8aeab9e, org.springframework.security.web.context.SecurityContextPersistenceFilter@7e3d7dd, org.springframework.security.web.header.HeaderWriterFilter@2d2b6960, org.springframework.security.web.csrf.CsrfFilter@4978777f, org.springframework.security.web.authentication.logout.LogoutFilter@423a0e1d, org.springframework.security.web.authentication.UsernamePasswordAuthenticationFilter@ec7b5de, org.springframework.security.web.authentication.ui.DefaultLoginPageGeneratingFilter@3f6f3cc, org.springframework.security.web.authentication.www.BasicAuthenticationFilter@1150d471, org.springframework.security.web.savedrequest.RequestCacheAwareFilter@66383c29, org.springframework.security.web.servletapi.SecurityContextHolderAwareRequestFilter@47acd13b, org.springframework.security.web.authentication.AnonymousAuthenticationFilter@2a2dc0a, org.springframework.security.web.session.SessionManagementFilter@234c5e41, org.springframework.security.web.access.ExceptionTranslationFilter@5d1b1c2a, org.springframework.security.web.access.intercept.FilterSecurityInterceptor@3635099]
2019-08-22 00:33:22.605  INFO 77252 --- [           main] mflix.api.daos.ProjectionTest            : Started ProjectionTest in 2.584 seconds (JVM running for 3.351)
2019-08-22 00:33:23.090  INFO 77252 --- [           main] org.mongodb.driver.connection            : Opened connection [connectionId{localValue:4, serverValue:100513}] to mflix-shard-00-00-efugp.gcp.mongodb.net:27017
]]></system-out>
  </testcase>
  <testcase name="testFindMoviesByCountry" classname="mflix.api.daos.ProjectionTest" time="0.082"/>
</testsuite>